Generating data from trajs
Finding 200 structures
Processing 2
pytraj.TrajectoryIterator, 722 frames: 
Size: 5.719760 (GB)
<Topology: 354429 atoms, 343329 residues, 354429 mols, PBC with box type = cubic>
           
processSeries.py:104: SyntaxWarning: "is" with a literal. Did you mean "=="?
  if mode is "generation":
processSeries.py:120: SyntaxWarning: "is" with a literal. Did you mean "=="?
  elif mode is "postprocess":
	Setting active reference for distance-based masks: 'D00000'
    ALIGN: Aligning atoms selected by mask '@1-202'
	Reference is "D00000" (@1-202)
    RADGYR: Calculating for atoms in mask @1-202.
	RoG max will not be stored.
	@1-202 (202 atoms).
	Setting active reference for distance-based masks: 'myref'
    RMSD: (@1-202), reference is "myref" (@1-202).
	Best-fit RMSD will be calculated, coords will be rotated and translated.
.....................................................
ACTION SETUP FOR PARM 'system_reduced_all.pdb' (1 actions):
  0: [@1-202  ref myref   ]
	Target mask: [@1-202](202)
	Reference topology: system_reduced_all.pdb
	Reference mask: [@1-202](202)
    WATERSHELL:
	The first shell will contain solvent < 3.400 angstroms from
	  the solute; the second shell < 5.000 angstroms...
	Solute atoms will be specified by [@1-202]
	Solvent atoms will be specified by [:ION]
	Parallelizing calculation with 32 threads.
	# solvent molecules in 'lower' shell stored in set 'WS_00000[lower]'
	# solvent molecules in 'upper' shell stored in set 'WS_00000[upper]'
	Mask [@1-202] corresponds to 202 atoms.
	Mask [:ION] corresponds to 1800 atoms.
	Imaging is on.
    WATERSHELL:
	The first shell will contain solvent < 3.400 angstroms from
	  the solute; the second shell < 5.000 angstroms...
	Solute atoms will be specified by [@1-202]
	Solvent atoms will be specified by [:W]
	Parallelizing calculation with 32 threads.
	# solvent molecules in 'lower' shell stored in set 'WS_00000[lower]'
	# solvent molecules in 'upper' shell stored in set 'WS_00000[upper]'
	Mask [@1-202] corresponds to 202 atoms.
	Mask [:W] corresponds to 332429 atoms.
	Imaging is on.
    ALIGN: Aligning atoms selected by mask '@203-404'
	Reference is "D00001" (@203-404)
    RADGYR: Calculating for atoms in mask @203-404.
	RoG max will not be stored.
	@203-404 (202 atoms).
	Setting active reference for distance-based masks: 'myref'
    RMSD: (@203-404), reference is "myref" (@203-404).
	Best-fit RMSD will be calculated, coords will be rotated and translated.
.....................................................
ACTION SETUP FOR PARM 'system_reduced_all.pdb' (1 actions):
  0: [@203-404  ref myref   ]
	Target mask: [@203-404](202)
	Reference topology: system_reduced_all.pdb
	Reference mask: [@203-404](202)
    WATERSHELL:
	The first shell will contain solvent < 3.400 angstroms from
	  the solute; the second shell < 5.000 angstroms...
	Solute atoms will be specified by [@203-404]
	Solvent atoms will be specified by [:ION]
	Parallelizing calculation with 32 threads.
	# solvent molecules in 'lower' shell stored in set 'WS_00000[lower]'
	# solvent molecules in 'upper' shell stored in set 'WS_00000[upper]'
	Mask [@203-404] corresponds to 202 atoms.
	Mask [:ION] corresponds to 1800 atoms.
	Imaging is on.
    WATERSHELL:
	The first shell will contain solvent < 3.400 angstroms from
	  the solute; the second shell < 5.000 angstroms...
	Solute atoms will be specified by [@203-404]
	Solvent atoms will be specified by [:W]
	Parallelizing calculation with 32 threads.
	# solvent molecules in 'lower' shell stored in set 'WS_00000[lower]'
	# solvent molecules in 'upper' shell stored in set 'WS_00000[upper]'
	Mask [@203-404] corresponds to 202 atoms.
	Mask [:W] corresponds to 332429 atoms.
	Imaging is on.
